c:\users\randall\desktop\comg_assignment2\nbiygpiuygiyiug\debug\vc120.pdb
c:\users\randall\desktop\comg_assignment2\nbiygpiuygiyiug\debug\vc120.idb
c:\users\randall\desktop\comg_assignment2\nbiygpiuygiyiug\debug\matrixstack.obj
c:\users\randall\desktop\comg_assignment2\nbiygpiuygiyiug\debug\mtx44.obj
c:\users\randall\desktop\comg_assignment2\nbiygpiuygiyiug\debug\timer.obj
c:\users\randall\desktop\comg_assignment2\nbiygpiuygiyiug\debug\vector3.obj
c:\users\randall\desktop\comg_assignment2\nbiygpiuygiyiug\debug\application.obj
c:\users\randall\desktop\comg_assignment2\nbiygpiuygiyiug\debug\assignment1.obj
c:\users\randall\desktop\comg_assignment2\nbiygpiuygiyiug\debug\assignment2.obj
c:\users\randall\desktop\comg_assignment2\nbiygpiuygiyiug\debug\camera.obj
c:\users\randall\desktop\comg_assignment2\nbiygpiuygiyiug\debug\camera2.obj
c:\users\randall\desktop\comg_assignment2\nbiygpiuygiyiug\debug\main.obj
c:\users\randall\desktop\comg_assignment2\nbiygpiuygiyiug\debug\mesh.obj
c:\users\randall\desktop\comg_assignment2\nbiygpiuygiyiug\debug\meshbuilder.obj
c:\users\randall\desktop\comg_assignment2\nbiygpiuygiyiug\debug\scene1.obj
c:\users\randall\desktop\comg_assignment2\nbiygpiuygiyiug\debug\scene2.obj
c:\users\randall\desktop\comg_assignment2\nbiygpiuygiyiug\debug\scene3.obj
c:\users\randall\desktop\comg_assignment2\nbiygpiuygiyiug\debug\scene4.obj
c:\users\randall\desktop\comg_assignment2\nbiygpiuygiyiug\debug\scenelight.obj
c:\users\randall\desktop\comg_assignment2\nbiygpiuygiyiug\debug\shader.obj
c:\users\randall\desktop\comg_assignment2\nbiygpiuygiyiug\debug\utlity.obj
c:\users\randall\desktop\comg_assignment2\debug\comg.ilk
c:\users\randall\desktop\comg_assignment2\debug\comg.exe
c:\users\randall\desktop\comg_assignment2\debug\comg.pdb
c:\users\randall\desktop\comg_assignment2\nbiygpiuygiyiug\debug\comg.tlog\cl.command.1.tlog
c:\users\randall\desktop\comg_assignment2\nbiygpiuygiyiug\debug\comg.tlog\cl.read.1.tlog
c:\users\randall\desktop\comg_assignment2\nbiygpiuygiyiug\debug\comg.tlog\cl.write.1.tlog
c:\users\randall\desktop\comg_assignment2\nbiygpiuygiyiug\debug\comg.tlog\link.command.1.tlog
c:\users\randall\desktop\comg_assignment2\nbiygpiuygiyiug\debug\comg.tlog\link.read.1.tlog
c:\users\randall\desktop\comg_assignment2\nbiygpiuygiyiug\debug\comg.tlog\link.write.1.tlog
