Build started 2/16/2016 5:54:33 PM.
     1>Project "C:\Users\n1507\Desktop\ComG_Framework\nbiygpiuygiyiug\nbiygpiuygiyiug.vcxproj" on node 2 (Build target(s)).
     1>C:\Program Files (x86)\MSBuild\Microsoft.Cpp\v4.0\V120\Microsoft.CppBuild.targets(388,5): warning MSB8028: The intermediate directory (Debug\) contains files shared from another project (nbiygpiuygiyiug.vcxproj).  This can lead to incorrect clean and rebuild behavior.
     1>ClCompile:
         D:\Program Files (x86)\Microsoft Visual Studio 12.0\VC\bin\CL.exe /c /IC:\Users\n1507\Desktop\ComG_Framework\\glew\include /IC:\Users\n1507\Desktop\ComG_Framework\\glfw\include /IC:\Users\n1507\Desktop\ComG_Framework\\Common\Source /ZI /nologo /W3 /WX- /sdl /Od /Oy- /D WIN32 /D _DEBUG /D _CONSOLE /D _LIB /D _UNICODE /D UNICODE /Gm /EHsc /RTC1 /MDd /GS /fp:precise /Zc:wchar_t /Zc:forScope /Fo"Debug\\" /Fd"Debug\vc120.pdb" /Gd /TP /analyze- /errorReport:prompt Source\Application.cpp Source\OpenGalaxyScene.cpp
         OpenGalaxyScene.cpp
     1>c:\users\n1507\desktop\comg_framework\nbiygpiuygiyiug\source\material.h(27): warning C4305: 'argument' : truncation from 'double' to 'float'
     1>c:\users\n1507\desktop\comg_framework\nbiygpiuygiyiug\source\material.h(28): warning C4305: 'argument' : truncation from 'double' to 'float'
     1>c:\users\n1507\desktop\comg_framework\nbiygpiuygiyiug\source\material.h(29): warning C4305: 'argument' : truncation from 'double' to 'float'
     1>c:\users\n1507\desktop\comg_framework\nbiygpiuygiyiug\source\opengalaxyscene.h(148): warning C4018: '<' : signed/unsigned mismatch
     1>c:\users\n1507\desktop\comg_framework\nbiygpiuygiyiug\source\opengalaxyscene.h(159): warning C4244: '=' : conversion from 'int' to 'float', possible loss of data
     1>c:\users\n1507\desktop\comg_framework\nbiygpiuygiyiug\source\opengalaxyscene.cpp(157): warning C4305: 'argument' : truncation from 'double' to 'float'
     1>c:\users\n1507\desktop\comg_framework\nbiygpiuygiyiug\source\opengalaxyscene.cpp(254): warning C4244: 'argument' : conversion from 'double' to 'float', possible loss of data
     1>c:\users\n1507\desktop\comg_framework\nbiygpiuygiyiug\source\opengalaxyscene.cpp(257): warning C4244: 'argument' : conversion from 'double' to 'float', possible loss of data
     1>c:\users\n1507\desktop\comg_framework\nbiygpiuygiyiug\source\opengalaxyscene.cpp(323): warning C4305: '*=' : truncation from 'double' to 'float'
     1>c:\users\n1507\desktop\comg_framework\nbiygpiuygiyiug\source\opengalaxyscene.cpp(378): warning C4305: '*=' : truncation from 'double' to 'float'
     1>c:\users\n1507\desktop\comg_framework\nbiygpiuygiyiug\source\opengalaxyscene.cpp(492): error C2065: 'PROXY_SPACESHIP' : undeclared identifier
         Application.cpp
     1>c:\users\n1507\desktop\comg_framework\nbiygpiuygiyiug\source\material.h(27): warning C4305: 'argument' : truncation from 'double' to 'float'
     1>c:\users\n1507\desktop\comg_framework\nbiygpiuygiyiug\source\material.h(28): warning C4305: 'argument' : truncation from 'double' to 'float'
     1>c:\users\n1507\desktop\comg_framework\nbiygpiuygiyiug\source\material.h(29): warning C4305: 'argument' : truncation from 'double' to 'float'
     1>c:\users\n1507\desktop\comg_framework\nbiygpiuygiyiug\source\opengalaxyscene.h(148): warning C4018: '<' : signed/unsigned mismatch
     1>c:\users\n1507\desktop\comg_framework\nbiygpiuygiyiug\source\opengalaxyscene.h(159): warning C4244: '=' : conversion from 'int' to 'float', possible loss of data
     1>c:\users\n1507\desktop\comg_framework\nbiygpiuygiyiug\source\togascene.h(161): warning C4018: '<' : signed/unsigned mismatch
     1>c:\users\n1507\desktop\comg_framework\nbiygpiuygiyiug\source\togascene.h(172): warning C4244: '=' : conversion from 'int' to 'float', possible loss of data
         Generating Code...
     1>Done Building Project "C:\Users\n1507\Desktop\ComG_Framework\nbiygpiuygiyiug\nbiygpiuygiyiug.vcxproj" (Build target(s)) -- FAILED.

Build FAILED.

Time Elapsed 00:00:01.42
